<?xml version="1.0" encoding="UTF-8" ?>
<testsuite 
errors="0" failures="0" hostname="agen-pc" name="thu.brainmatrix.suite.NDArraySuite" tests="23" time="0.047" timestamp="2017-02-09T17:23:10">
  <properties>
    <property name="java.runtime.name" value="OpenJDK Runtime Environment">
    </property>
    <property 
    name="sun.boot.library.path" value="/usr/lib/jvm/java-7-openjdk-amd64/jre/lib/amd64">
</property>
    <property name="java.vm.version" value="24.121-b00"> </property>
    <property name="java.vm.vendor" value="Oracle Corporation"> </property>
    <property name="java.vendor.url" value="http://java.oracle.com/">
    </property>
    <property name="path.separator" value=":"> </property>
    <property name="java.vm.name" value="OpenJDK 64-Bit Server VM"> </property>
    <property name="file.encoding.pkg" value="sun.io"> </property>
    <property name="user.country" value="US"> </property>
    <property name="sun.java.launcher" value="SUN_STANDARD"> </property>
    <property name="sun.os.patch.level" value="unknown"> </property>
    <property 
    name="java.vm.specification.name" value="Java Virtual Machine Specification">
</property>
    <property 
    name="user.dir" value="/home/agen/workspace-c/BrainMatrix/scalakernel">
</property>
    <property name="java.runtime.version" value="1.7.0_121-b00"> </property>
    <property 
    name="java.awt.graphicsenv" value="sun.awt.X11GraphicsEnvironment">
</property>
    <property 
    name="basedir" value="/home/agen/workspace-c/BrainMatrix/scalakernel">
</property>
    <property 
    name="java.endorsed.dirs" value="/usr/lib/jvm/java-7-openjdk-amd64/jre/lib/endorsed">
</property>
    <property name="os.arch" value="amd64"> </property>
    <property name="java.io.tmpdir" value="/tmp"> </property>
    <property name="line.separator" value=" "> </property>
    <property name="java.vm.specification.vendor" value="Oracle Corporation">
    </property>
    <property name="os.name" value="Linux"> </property>
    <property name="sun.jnu.encoding" value="UTF-8"> </property>
    <property 
    name="java.library.path" value="/home/agen/workspace-c/caffe/build/lib::/home/agen/workspace-c/BrainMatrix/lib:/home/agen/workspace-c/mxnet/lib:/usr/java/packages/lib/amd64:/usr/lib/x86_64-linux-gnu/jni:/lib/x86_64-linux-gnu:/usr/lib/x86_64-linux-gnu:/usr/lib/jni:/lib:/usr/lib">
</property>
    <property 
    name="java.specification.name" value="Java Platform API Specification">
</property>
    <property name="java.class.version" value="51.0"> </property>
    <property 
    name="sun.management.compiler" value="HotSpot 64-Bit Tiered Compilers">
</property>
    <property name="os.version" value="3.19.0-25-generic"> </property>
    <property name="user.home" value="/home/agen"> </property>
    <property name="user.timezone" value=""> </property>
    <property name="java.awt.printerjob" value="sun.print.PSPrinterJob">
    </property>
    <property name="file.encoding" value="UTF-8"> </property>
    <property name="java.specification.version" value="1.7"> </property>
    <property name="user.name" value="agen"> </property>
    <property 
    name="java.class.path" value="/home/agen/workspace-c/BrainMatrix/scalakernel/target/test-classes:/home/agen/workspace-c/BrainMatrix/scalakernel/target/classes:/home/agen/.m2/repository/org/scala-lang/scala-library/2.10.6/scala-library-2.10.6.jar:/home/agen/.m2/repository/org/scala-lang/scala-compiler/2.10.6/scala-compiler-2.10.6.jar:/home/agen/.m2/repository/org/scala-lang/scala-reflect/2.10.6/scala-reflect-2.10.6.jar:/home/agen/.m2/repository/org/apache/commons/commons-lang3/3.1/commons-lang3-3.1.jar:/home/agen/.m2/repository/net/java/dev/jna/jna/4.2.1/jna-4.2.1.jar:/home/agen/.m2/repository/org/slf4j/slf4j-api/1.7.5/slf4j-api-1.7.5.jar:/home/agen/.m2/repository/commons-codec/commons-codec/1.10/commons-codec-1.10.jar:/home/agen/.m2/repository/org/scalatest/scalatest_2.10/2.2.6/scalatest_2.10-2.2.6.jar:/home/agen/.m2/repository/args4j/args4j/2.0.29/args4j-2.0.29.jar:/home/agen/.m2/repository/com/sksamuel/scrimage/scrimage-core_2.10/2.1.5/scrimage-core_2.10-2.1.5.jar:/home/agen/.m2/repository/com/twelvemonkeys/imageio/imageio-core/3.2.1/imageio-core-3.2.1.jar:/home/agen/.m2/repository/com/twelvemonkeys/imageio/imageio-jpeg/3.2.1/imageio-jpeg-3.2.1.jar:/home/agen/.m2/repository/com/twelvemonkeys/imageio/imageio-metadata/3.2.1/imageio-metadata-3.2.1.jar:/home/agen/.m2/repository/com/twelvemonkeys/common/common-lang/3.2.1/common-lang-3.2.1.jar:/home/agen/.m2/repository/com/twelvemonkeys/common/common-io/3.2.1/common-io-3.2.1.jar:/home/agen/.m2/repository/com/twelvemonkeys/common/common-image/3.2.1/common-image-3.2.1.jar:/home/agen/.m2/repository/com/drewnoakes/metadata-extractor/2.8.1/metadata-extractor-2.8.1.jar:/home/agen/.m2/repository/com/adobe/xmp/xmpcore/5.1.2/xmpcore-5.1.2.jar:/home/agen/.m2/repository/commons-io/commons-io/2.4/commons-io-2.4.jar:/home/agen/.m2/repository/ar/com/hjg/pngj/2.1.0/pngj-2.1.0.jar:/home/agen/.m2/repository/com/sksamuel/scrimage/scrimage-io-extra_2.10/2.1.5/scrimage-io-extra_2.10-2.1.5.jar:/home/agen/.m2/repository/com/twelvemonkeys/imageio/imageio-bmp/3.2.1/imageio-bmp-3.2.1.jar:/home/agen/.m2/repository/com/twelvemonkeys/imageio/imageio-icns/3.2.1/imageio-icns-3.2.1.jar:/home/agen/.m2/repository/com/twelvemonkeys/imageio/imageio-iff/3.2.1/imageio-iff-3.2.1.jar:/home/agen/.m2/repository/com/twelvemonkeys/imageio/imageio-pcx/3.2.1/imageio-pcx-3.2.1.jar:/home/agen/.m2/repository/com/twelvemonkeys/imageio/imageio-pict/3.2.1/imageio-pict-3.2.1.jar:/home/agen/.m2/repository/com/twelvemonkeys/imageio/imageio-pdf/3.2.1/imageio-pdf-3.2.1.jar:/home/agen/.m2/repository/com/twelvemonkeys/imageio/imageio-pnm/3.2.1/imageio-pnm-3.2.1.jar:/home/agen/.m2/repository/com/twelvemonkeys/imageio/imageio-psd/3.2.1/imageio-psd-3.2.1.jar:/home/agen/.m2/repository/com/twelvemonkeys/imageio/imageio-sgi/3.2.1/imageio-sgi-3.2.1.jar:/home/agen/.m2/repository/com/twelvemonkeys/imageio/imageio-tiff/3.2.1/imageio-tiff-3.2.1.jar:/home/agen/.m2/repository/com/twelvemonkeys/imageio/imageio-tga/3.2.1/imageio-tga-3.2.1.jar:/home/agen/.m2/repository/com/twelvemonkeys/imageio/imageio-thumbsdb/3.2.1/imageio-thumbsdb-3.2.1.jar:/home/agen/.m2/repository/com/sksamuel/scrimage/scrimage-filters_2.10/2.1.5/scrimage-filters_2.10-2.1.5.jar:/home/agen/.m2/repository/org/scalanlp/breeze-macros_2.10/0.12/breeze-macros_2.10-0.12.jar:/home/agen/.m2/repository/org/scalamacros/quasiquotes_2.10/2.0.0-M8/quasiquotes_2.10-2.0.0-M8.jar:/home/agen/.m2/repository/org/scalanlp/breeze-viz_2.10/0.12/breeze-viz_2.10-0.12.jar:/home/agen/.m2/repository/org/scalanlp/breeze_2.10/0.12/breeze_2.10-0.12.jar:/home/agen/.m2/repository/com/github/fommil/netlib/core/1.1.2/core-1.1.2.jar:/home/agen/.m2/repository/net/sourceforge/f2j/arpack_combined_all/0.1/arpack_combined_all-0.1.jar:/home/agen/.m2/repository/net/sf/opencsv/opencsv/2.3/opencsv-2.3.jar:/home/agen/.m2/repository/com/github/rwl/jtransforms/2.4.0/jtransforms-2.4.0.jar:/home/agen/.m2/repository/junit/junit/4.8.2/junit-4.8.2.jar:/home/agen/.m2/repository/org/apache/commons/commons-math3/3.2/commons-math3-3.2.jar:/home/agen/.m2/repository/org/spire-math/spire_2.10/0.7.4/spire_2.10-0.7.4.jar:/home/agen/.m2/repository/org/spire-math/spire-macros_2.10/0.7.4/spire-macros_2.10-0.7.4.jar:/home/agen/.m2/repository/com/chuusai/shapeless_2.10.4/2.0.0/shapeless_2.10.4-2.0.0.jar:/home/agen/.m2/repository/jfree/jcommon/1.0.16/jcommon-1.0.16.jar:/home/agen/.m2/repository/jfree/jfreechart/1.0.13/jfreechart-1.0.13.jar:/home/agen/.m2/repository/org/apache/xmlgraphics/xmlgraphics-commons/1.3.1/xmlgraphics-commons-1.3.1.jar:/home/agen/.m2/repository/com/lowagie/itext/2.1.5/itext-2.1.5.jar:/home/agen/.m2/repository/bouncycastle/bcmail-jdk14/138/bcmail-jdk14-138.jar:/home/agen/.m2/repository/bouncycastle/bcprov-jdk14/138/bcprov-jdk14-138.jar:/home/agen/.m2/repository/org/apache/httpcomponents/httpcore/4.4.5/httpcore-4.4.5.jar:/home/agen/.m2/repository/org/apache/httpcomponents/httpclient/4.5.2/httpclient-4.5.2.jar:/home/agen/.m2/repository/commons-logging/commons-logging/1.2/commons-logging-1.2.jar">
</property>
    <property name="java.vm.specification.version" value="1.7"> </property>
    <property name="sun.arch.data.model" value="64"> </property>
    <property name="java.home" value="/usr/lib/jvm/java-7-openjdk-amd64/jre">
    </property>
    <property 
    name="sun.java.command" value="org.scalatest.tools.Runner -R /home/agen/workspace-c/BrainMatrix/scalakernel/target/classes /home/agen/workspace-c/BrainMatrix/scalakernel/target/test-classes -o -fWDF /home/agen/workspace-c/BrainMatrix/scalakernel/target/surefire-reports/TestSuite.txt -u /home/agen/workspace-c/BrainMatrix/scalakernel/target/surefire-reports/.">
</property>
    <property name="java.specification.vendor" value="Oracle Corporation">
    </property>
    <property name="user.language" value="en"> </property>
    <property name="awt.toolkit" value="sun.awt.X11.XToolkit"> </property>
    <property name="java.vm.info" value="mixed mode"> </property>
    <property name="java.version" value="1.7.0_121"> </property>
    <property 
    name="java.ext.dirs" value="/usr/lib/jvm/java-7-openjdk-amd64/jre/lib/ext:/usr/java/packages/lib/ext">
</property>
    <property 
    name="sun.boot.class.path" value="/usr/lib/jvm/java-7-openjdk-amd64/jre/lib/resources.jar:/usr/lib/jvm/java-7-openjdk-amd64/jre/lib/rt.jar:/usr/lib/jvm/java-7-openjdk-amd64/jre/lib/sunrsasign.jar:/usr/lib/jvm/java-7-openjdk-amd64/jre/lib/jsse.jar:/usr/lib/jvm/java-7-openjdk-amd64/jre/lib/jce.jar:/usr/lib/jvm/java-7-openjdk-amd64/jre/lib/charsets.jar:/usr/lib/jvm/java-7-openjdk-amd64/jre/lib/rhino.jar:/usr/lib/jvm/java-7-openjdk-amd64/jre/lib/jfr.jar:/usr/lib/jvm/java-7-openjdk-amd64/jre/classes">
</property>
    <property name="java.vendor" value="Oracle Corporation"> </property>
    <property name="file.separator" value="/"> </property>
    <property 
    name="java.vendor.url.bug" value="http://bugreport.sun.com/bugreport/">
</property>
    <property name="sun.cpu.endian" value="little"> </property>
    <property name="sun.io.unicode.encoding" value="UnicodeLittle"> </property>
    <property name="sun.desktop" value="gnome"> </property>
    <property name="sun.cpu.isalist" value=""> </property>
  </properties>
  <testcase 
  name="NDArray.concatenate" classname="thu.brainmatrix.suite.NDArraySuite" time="0.0">
</testcase>
  <testcase 
  name="NDArray.argmaxChannel" classname="thu.brainmatrix.suite.NDArraySuite" time="0.001">
</testcase>
  <testcase 
  name="NDArray.array" classname="thu.brainmatrix.suite.NDArraySuite" time="0.001">
</testcase>
  <testcase 
  name="Normalize" classname="thu.brainmatrix.suite.NDArraySuite" time="0.0">
</testcase>
  <testcase 
  name="Random-uniform" classname="thu.brainmatrix.suite.NDArraySuite" time="0.001">
</testcase>
  <testcase 
  name="one-hot" classname="thu.brainmatrix.suite.NDArraySuite" time="0.001">
</testcase>
  <testcase 
  name="one-hot-bigger" classname="thu.brainmatrix.suite.NDArraySuite" time="0.001">
</testcase>
  <testcase 
  name="run gpu" classname="thu.brainmatrix.suite.NDArraySuite" time="0.001">
</testcase>
  <testcase 
  name="copy" classname="thu.brainmatrix.suite.NDArraySuite" time="0.0">
</testcase>
  <testcase 
  name="arithmetic assosiation" classname="thu.brainmatrix.suite.NDArraySuite" time="0.001">
</testcase>
  <testcase 
  name="integate_lxg" classname="thu.brainmatrix.suite.NDArraySuite" time="0.0">
</testcase>
  <testcase 
  name="setslice_lxg" classname="thu.brainmatrix.suite.NDArraySuite" time="0.001">
</testcase>
  <testcase 
  name="dot0" classname="thu.brainmatrix.suite.NDArraySuite" time="0.005">
</testcase>
  <testcase 
  name="transpose" classname="thu.brainmatrix.suite.NDArraySuite" time="0.003">
</testcase>
  <testcase 
  name="reshape" classname="thu.brainmatrix.suite.NDArraySuite" time="0.002">
</testcase>
  <testcase 
  name="+" classname="thu.brainmatrix.suite.NDArraySuite" time="0.001">
</testcase>
  <testcase 
  name="toarray" classname="thu.brainmatrix.suite.NDArraySuite" time="0.001">
</testcase>
  <testcase 
  name="toString" classname="thu.brainmatrix.suite.NDArraySuite" time="0.0">
</testcase>
  <testcase 
  name="load2map" classname="thu.brainmatrix.suite.NDArraySuite" time="0.001">
</testcase>
  <testcase 
  name="save NDArray" classname="thu.brainmatrix.suite.NDArraySuite" time="0.001">
</testcase>
  <testcase 
  name="slice" classname="thu.brainmatrix.suite.NDArraySuite" time="0.0">
</testcase>
  <testcase 
  name="copyto" classname="thu.brainmatrix.suite.NDArraySuite" time="0.0">
</testcase>
  <testcase 
  name="argmaxChannelTest" classname="thu.brainmatrix.suite.NDArraySuite" time="0.001">
</testcase>
  <system-out><![CDATA[]]></system-out>
  <system-err><![CDATA[]]></system-err>
</testsuite>
